[debug] [2023-02-13T16:07:30.349Z] ----------------------------------------------------------------------
[debug] [2023-02-13T16:07:30.351Z] Command:       /usr/local/bin/node /usr/local/bin/firebase deploy
[debug] [2023-02-13T16:07:30.351Z] CLI Version:   11.22.0
[debug] [2023-02-13T16:07:30.351Z] Platform:      darwin
[debug] [2023-02-13T16:07:30.352Z] Node Version:  v16.17.0
[debug] [2023-02-13T16:07:30.353Z] Time:          Mon Feb 13 2023 17:07:30 GMT+0100 (Central European Standard Time)
[debug] [2023-02-13T16:07:30.353Z] ----------------------------------------------------------------------
[debug] 
[debug] [2023-02-13T16:07:30.415Z] > command requires scopes: ["email","openid","https://www.googleapis.com/auth/cloudplatformprojects.readonly","https://www.googleapis.com/auth/firebase","https://www.googleapis.com/auth/cloud-platform"]
[debug] [2023-02-13T16:07:30.415Z] > authorizing via signed-in user (tomaswebsolutions@gmail.com)
[debug] [2023-02-13T16:07:30.416Z] [iam] checking project alemaccounting for permissions ["firebase.projects.get","firebasehosting.sites.update"]
[debug] [2023-02-13T16:07:30.418Z] >>> [apiv2][query] POST https://cloudresourcemanager.googleapis.com/v1/projects/alemaccounting:testIamPermissions [none]
[debug] [2023-02-13T16:07:30.418Z] >>> [apiv2][(partial)header] POST https://cloudresourcemanager.googleapis.com/v1/projects/alemaccounting:testIamPermissions x-goog-quota-user=projects/alemaccounting
[debug] [2023-02-13T16:07:30.418Z] >>> [apiv2][body] POST https://cloudresourcemanager.googleapis.com/v1/projects/alemaccounting:testIamPermissions {"permissions":["firebase.projects.get","firebasehosting.sites.update"]}
[debug] [2023-02-13T16:07:31.235Z] <<< [apiv2][status] POST https://cloudresourcemanager.googleapis.com/v1/projects/alemaccounting:testIamPermissions 200
[debug] [2023-02-13T16:07:31.236Z] <<< [apiv2][body] POST https://cloudresourcemanager.googleapis.com/v1/projects/alemaccounting:testIamPermissions {"permissions":["firebase.projects.get","firebasehosting.sites.update"]}
[debug] [2023-02-13T16:07:31.237Z] >>> [apiv2][query] GET https://firebase.googleapis.com/v1beta1/projects/alemaccounting [none]
[debug] [2023-02-13T16:07:31.502Z] <<< [apiv2][status] GET https://firebase.googleapis.com/v1beta1/projects/alemaccounting 200
[debug] [2023-02-13T16:07:31.503Z] <<< [apiv2][body] GET https://firebase.googleapis.com/v1beta1/projects/alemaccounting {"projectId":"alemaccounting","projectNumber":"230741309052","displayName":"alemAccounting","name":"projects/alemaccounting","resources":{"hostingSite":"alemaccounting"},"state":"ACTIVE","etag":"1_466fd7fb-55fb-4b25-a229-21ffe3c2c18c"}
[debug] [2023-02-13T16:07:34.281Z] >>> [apiv2][query] GET https://firebasehosting.googleapis.com/v1beta1/projects/alemaccounting/sites pageToken=&pageSize=10
[debug] [2023-02-13T16:07:35.222Z] <<< [apiv2][status] GET https://firebasehosting.googleapis.com/v1beta1/projects/alemaccounting/sites 200
[debug] [2023-02-13T16:07:35.223Z] <<< [apiv2][body] GET https://firebasehosting.googleapis.com/v1beta1/projects/alemaccounting/sites {"sites":[{"name":"projects/alemaccounting/sites/alemaccounting","defaultUrl":"https://alemaccounting.web.app","appId":"1:230741309052:web:d508854e7b967916d83bf9","type":"DEFAULT_SITE"}]}
[debug] [2023-02-13T16:07:35.223Z] >>> [apiv2][query] GET https://firebase.googleapis.com/v1beta1/projects/-/webApps/1:230741309052:web:d508854e7b967916d83bf9/config [none]
[debug] [2023-02-13T16:07:36.241Z] <<< [apiv2][status] GET https://firebase.googleapis.com/v1beta1/projects/-/webApps/1:230741309052:web:d508854e7b967916d83bf9/config 200
[debug] [2023-02-13T16:07:36.242Z] <<< [apiv2][body] GET https://firebase.googleapis.com/v1beta1/projects/-/webApps/1:230741309052:web:d508854e7b967916d83bf9/config {"projectId":"alemaccounting","appId":"1:230741309052:web:d508854e7b967916d83bf9","storageBucket":"alemaccounting.appspot.com","apiKey":"AIzaSyAUwTPuvQqbpMEZstk3eeHP5LF4CUd0sN0","authDomain":"alemaccounting.firebaseapp.com","messagingSenderId":"230741309052"}
[debug] [2023-02-13T16:09:08.053Z] Error: Unable to load next.config.js.
    at getConfig (/usr/local/lib/node_modules/firebase-tools/lib/frameworks/next/index.js:285:23)
    at processTicksAndRejections (node:internal/process/task_queues:96:5)
    at async build (/usr/local/lib/node_modules/firebase-tools/lib/frameworks/next/index.js:55:40)
    at async prepareFrameworks (/usr/local/lib/node_modules/firebase-tools/lib/frameworks/index.js:246:108)
    at async deploy (/usr/local/lib/node_modules/firebase-tools/lib/deploy/index.js:53:13)
[error] 
[error] Error: An unexpected error has occurred.
[debug] [2023-02-13T16:12:27.161Z] ----------------------------------------------------------------------
[debug] [2023-02-13T16:12:27.163Z] Command:       /usr/local/bin/node /usr/local/bin/firebase deploy
[debug] [2023-02-13T16:12:27.163Z] CLI Version:   11.22.0
[debug] [2023-02-13T16:12:27.163Z] Platform:      darwin
[debug] [2023-02-13T16:12:27.164Z] Node Version:  v16.17.0
[debug] [2023-02-13T16:12:27.165Z] Time:          Mon Feb 13 2023 17:12:27 GMT+0100 (Central European Standard Time)
[debug] [2023-02-13T16:12:27.165Z] ----------------------------------------------------------------------
[debug] 
[debug] [2023-02-13T16:12:27.243Z] > command requires scopes: ["email","openid","https://www.googleapis.com/auth/cloudplatformprojects.readonly","https://www.googleapis.com/auth/firebase","https://www.googleapis.com/auth/cloud-platform"]
[debug] [2023-02-13T16:12:27.243Z] > authorizing via signed-in user (tomaswebsolutions@gmail.com)
[debug] [2023-02-13T16:12:27.243Z] [iam] checking project alemaccounting for permissions ["firebase.projects.get","firebasehosting.sites.update"]
[debug] [2023-02-13T16:12:27.246Z] >>> [apiv2][query] POST https://cloudresourcemanager.googleapis.com/v1/projects/alemaccounting:testIamPermissions [none]
[debug] [2023-02-13T16:12:27.246Z] >>> [apiv2][(partial)header] POST https://cloudresourcemanager.googleapis.com/v1/projects/alemaccounting:testIamPermissions x-goog-quota-user=projects/alemaccounting
[debug] [2023-02-13T16:12:27.246Z] >>> [apiv2][body] POST https://cloudresourcemanager.googleapis.com/v1/projects/alemaccounting:testIamPermissions {"permissions":["firebase.projects.get","firebasehosting.sites.update"]}
[debug] [2023-02-13T16:12:27.621Z] <<< [apiv2][status] POST https://cloudresourcemanager.googleapis.com/v1/projects/alemaccounting:testIamPermissions 200
[debug] [2023-02-13T16:12:27.622Z] <<< [apiv2][body] POST https://cloudresourcemanager.googleapis.com/v1/projects/alemaccounting:testIamPermissions {"permissions":["firebase.projects.get","firebasehosting.sites.update"]}
[debug] [2023-02-13T16:12:27.623Z] >>> [apiv2][query] GET https://firebase.googleapis.com/v1beta1/projects/alemaccounting [none]
[debug] [2023-02-13T16:12:27.901Z] <<< [apiv2][status] GET https://firebase.googleapis.com/v1beta1/projects/alemaccounting 200
[debug] [2023-02-13T16:12:27.901Z] <<< [apiv2][body] GET https://firebase.googleapis.com/v1beta1/projects/alemaccounting {"projectId":"alemaccounting","projectNumber":"230741309052","displayName":"alemAccounting","name":"projects/alemaccounting","resources":{"hostingSite":"alemaccounting"},"state":"ACTIVE","etag":"1_466fd7fb-55fb-4b25-a229-21ffe3c2c18c"}
[debug] [2023-02-13T16:12:31.386Z] >>> [apiv2][query] GET https://firebasehosting.googleapis.com/v1beta1/projects/alemaccounting/sites pageToken=&pageSize=10
[debug] [2023-02-13T16:12:32.282Z] <<< [apiv2][status] GET https://firebasehosting.googleapis.com/v1beta1/projects/alemaccounting/sites 200
[debug] [2023-02-13T16:12:32.282Z] <<< [apiv2][body] GET https://firebasehosting.googleapis.com/v1beta1/projects/alemaccounting/sites {"sites":[{"name":"projects/alemaccounting/sites/alemaccounting","defaultUrl":"https://alemaccounting.web.app","appId":"1:230741309052:web:d508854e7b967916d83bf9","type":"DEFAULT_SITE"}]}
[debug] [2023-02-13T16:12:32.283Z] >>> [apiv2][query] GET https://firebase.googleapis.com/v1beta1/projects/-/webApps/1:230741309052:web:d508854e7b967916d83bf9/config [none]
[debug] [2023-02-13T16:12:33.066Z] <<< [apiv2][status] GET https://firebase.googleapis.com/v1beta1/projects/-/webApps/1:230741309052:web:d508854e7b967916d83bf9/config 200
[debug] [2023-02-13T16:12:33.067Z] <<< [apiv2][body] GET https://firebase.googleapis.com/v1beta1/projects/-/webApps/1:230741309052:web:d508854e7b967916d83bf9/config {"projectId":"alemaccounting","appId":"1:230741309052:web:d508854e7b967916d83bf9","storageBucket":"alemaccounting.appspot.com","apiKey":"AIzaSyAUwTPuvQqbpMEZstk3eeHP5LF4CUd0sN0","authDomain":"alemaccounting.firebaseapp.com","messagingSenderId":"230741309052"}
[debug] [2023-02-13T16:13:01.739Z] Error: Build failed because of webpack errors
    at /Users/tomastesfamariam/repos/alemAccounting/node_modules/next/dist/build/index.js:528:29
    at async Span.traceAsyncFn (/Users/tomastesfamariam/repos/alemAccounting/node_modules/next/dist/trace/trace.js:79:20)
    at async build (/Users/tomastesfamariam/repos/alemAccounting/node_modules/next/dist/build/index.js:65:29)
    at async build (/usr/local/lib/node_modules/firebase-tools/lib/frameworks/next/index.js:50:5)
    at async prepareFrameworks (/usr/local/lib/node_modules/firebase-tools/lib/frameworks/index.js:246:108)
    at async deploy (/usr/local/lib/node_modules/firebase-tools/lib/deploy/index.js:53:13)
[error] 
[error] Error: An unexpected error has occurred.
